<?xml version="1.0" encoding="UTF-8"?>
<testng-results ignored="0" total="2" passed="2" failed="0" skipped="0">
  <reporter-output>
  </reporter-output>
  <suite started-at="2024-06-05T15:51:03 IST" name="Suite" finished-at="2024-06-05T15:52:30 IST" duration-ms="86405">
    <groups>
      <group name="Smoke">
        <method signature="GeneralStroreTest_2.fillform_2(java.util.HashMap)[pri:0, instance:Base.GeneralStroreTest_2@14d14731]" name="fillform_2" class="Base.GeneralStroreTest_2"/>
      </group> <!-- Smoke -->
    </groups>
    <test started-at="2024-06-05T15:51:03 IST" name="Test" finished-at="2024-06-05T15:52:30 IST" duration-ms="86405">
      <class name="Base.GeneralStroreTest_2">
        <test-method is-config="true" signature="launchBrowser()[pri:0, instance:Base.GeneralStroreTest_2@14d14731]" started-at="2024-06-05T15:51:04 IST" name="launchBrowser" finished-at="2024-06-05T15:51:15 IST" duration-ms="11814" status="PASS">
          <reporter-output>
          </reporter-output>
        </test-method> <!-- launchBrowser -->
        <test-method signature="fillform_2(java.util.HashMap)[pri:0, instance:Base.GeneralStroreTest_2@14d14731]" started-at="2024-06-05T15:51:15 IST" name="fillform_2" data-provider="getData" finished-at="2024-06-05T15:51:46 IST" duration-ms="30715" status="PASS">
          <params>
            <param index="0">
              <value>
                <![CDATA[{name=Ayush Pandey, contryname=Albania, gender=female}]]>
              </value>
            </param>
          </params>
          <reporter-output>
          </reporter-output>
        </test-method> <!-- fillform_2 -->
        <test-method is-config="true" signature="launchBrowser()[pri:0, instance:Base.GeneralStroreTest_2@14d14731]" started-at="2024-06-05T15:51:46 IST" name="launchBrowser" finished-at="2024-06-05T15:51:59 IST" duration-ms="12620" status="PASS">
          <reporter-output>
          </reporter-output>
        </test-method> <!-- launchBrowser -->
        <test-method signature="fillform_2(java.util.HashMap)[pri:0, instance:Base.GeneralStroreTest_2@14d14731]" started-at="2024-06-05T15:51:59 IST" name="fillform_2" data-provider="getData" finished-at="2024-06-05T15:52:30 IST" duration-ms="31023" status="PASS">
          <params>
            <param index="0">
              <value>
                <![CDATA[{name=Jack Daniel, contryname=Albania, gender=female}]]>
              </value>
            </param>
          </params>
          <reporter-output>
          </reporter-output>
        </test-method> <!-- fillform_2 -->
      </class> <!-- Base.GeneralStroreTest_2 -->
    </test> <!-- Test -->
  </suite> <!-- Suite -->
</testng-results>
