<?xml version="1.0" encoding="UTF-8"?>
<testng-results ignored="0" total="2" passed="2" failed="0" skipped="0">
  <reporter-output>
  </reporter-output>
  <suite started-at="2024-06-05T18:49:45 IST" name="Suite" finished-at="2024-06-05T18:51:02 IST" duration-ms="77053">
    <groups>
      <group name="Smoke">
        <method signature="GeneralStroreTest_2.fillform_2(java.util.HashMap)[pri:0, instance:Base.GeneralStroreTest_2@71cf1b07]" name="fillform_2" class="Base.GeneralStroreTest_2"/>
      </group> <!-- Smoke -->
    </groups>
    <test started-at="2024-06-05T18:49:45 IST" name="Test" finished-at="2024-06-05T18:51:02 IST" duration-ms="77053">
      <class name="Base.GeneralStroreTest_2">
        <test-method is-config="true" signature="launchBrowser()[pri:0, instance:Base.GeneralStroreTest_2@71cf1b07]" started-at="2024-06-05T18:49:45 IST" name="launchBrowser" finished-at="2024-06-05T18:49:54 IST" duration-ms="8898" status="PASS">
          <reporter-output>
          </reporter-output>
        </test-method> <!-- launchBrowser -->
        <test-method signature="fillform_2(java.util.HashMap)[pri:0, instance:Base.GeneralStroreTest_2@71cf1b07]" started-at="2024-06-05T18:49:54 IST" name="fillform_2" data-provider="getData" finished-at="2024-06-05T18:50:23 IST" duration-ms="28990" status="PASS">
          <params>
            <param index="0">
              <value>
                <![CDATA[{name=Ayush Pandey, contryname=Albania, gender=female}]]>
              </value>
            </param>
          </params>
          <reporter-output>
          </reporter-output>
        </test-method> <!-- fillform_2 -->
        <test-method is-config="true" signature="launchBrowser()[pri:0, instance:Base.GeneralStroreTest_2@71cf1b07]" started-at="2024-06-05T18:50:23 IST" name="launchBrowser" finished-at="2024-06-05T18:50:33 IST" duration-ms="9311" status="PASS">
          <reporter-output>
          </reporter-output>
        </test-method> <!-- launchBrowser -->
        <test-method signature="fillform_2(java.util.HashMap)[pri:0, instance:Base.GeneralStroreTest_2@71cf1b07]" started-at="2024-06-05T18:50:33 IST" name="fillform_2" data-provider="getData" finished-at="2024-06-05T18:51:02 IST" duration-ms="29604" status="PASS">
          <params>
            <param index="0">
              <value>
                <![CDATA[{name=Jack Daniel, contryname=Albania, gender=female}]]>
              </value>
            </param>
          </params>
          <reporter-output>
          </reporter-output>
        </test-method> <!-- fillform_2 -->
      </class> <!-- Base.GeneralStroreTest_2 -->
    </test> <!-- Test -->
  </suite> <!-- Suite -->
</testng-results>
